<?xml version="1.0" encoding="UTF-8"?>
<coverage generated="1592943966520" clover="3.2.0">
  <project timestamp="1592943966520" name="All files">
    <metrics statements="22" coveredstatements="20" conditionals="4" coveredconditionals="4" methods="10" coveredmethods="8" elements="36" coveredelements="32" complexity="0" loc="22" ncloc="22" packages="1" files="2" classes="2"/>
    <file name="UserController.js" path="C:\Users\ALESSANDRO\Documents\MEUS PROJETOS\testes_jest\introducao_a_testes\controllers\UserController.js">
      <metrics statements="10" coveredstatements="9" conditionals="4" coveredconditionals="4" methods="3" coveredmethods="2"/>
      <line num="1" count="1" type="stmt"/>
      <line num="5" count="7" type="stmt"/>
      <line num="6" count="7" type="cond" truecount="2" falsecount="0"/>
      <line num="7" count="1" type="stmt"/>
      <line num="9" count="6" type="stmt"/>
      <line num="10" count="16" type="cond" truecount="2" falsecount="0"/>
      <line num="11" count="15" type="stmt"/>
      <line num="13" count="16" type="stmt"/>
      <line num="16" count="1" type="stmt"/>
      <line num="21" count="0" type="stmt"/>
    </file>
    <file name="functions.js" path="C:\Users\ALESSANDRO\Documents\MEUS PROJETOS\testes_jest\introducao_a_testes\controllers\functions.js">
      <metrics statements="12" coveredstatements="11" conditionals="0" coveredconditionals="0" methods="7" coveredmethods="6"/>
      <line num="2" count="1" type="stmt"/>
      <line num="4" count="1" type="stmt"/>
      <line num="5" count="2" type="stmt"/>
      <line num="6" count="1" type="stmt"/>
      <line num="7" count="1" type="stmt"/>
      <line num="9" count="1" type="stmt"/>
      <line num="10" count="1" type="stmt"/>
      <line num="11" count="1" type="stmt"/>
      <line num="14" count="1" type="stmt"/>
      <line num="16" count="1" type="stmt"/>
      <line num="17" count="0" type="stmt"/>
      <line num="20" count="1" type="stmt"/>
    </file>
  </project>
</coverage>
