{"C:\\Users\\ALESSANDRO\\Documents\\MEUS PROJETOS\\testes_jest\\introducao_a_testes\\controllers\\UserController.js": {"path":"C:\\Users\\ALESSANDRO\\Documents\\MEUS PROJETOS\\testes_jest\\introducao_a_testes\\controllers\\UserController.js","statementMap":{"0":{"start":{"line":1,"column":0},"end":{"line":24,"column":2}},"1":{"start":{"line":5,"column":4},"end":{"line":17,"column":5}},"2":{"start":{"line":6,"column":6},"end":{"line":8,"column":7}},"3":{"start":{"line":7,"column":8},"end":{"line":7,"column":55}},"4":{"start":{"line":9,"column":6},"end":{"line":14,"column":12}},"5":{"start":{"line":10,"column":8},"end":{"line":12,"column":9}},"6":{"start":{"line":11,"column":10},"end":{"line":11,"column":54}},"7":{"start":{"line":13,"column":8},"end":{"line":13,"column":21}},"8":{"start":{"line":16,"column":6},"end":{"line":16,"column":25}},"9":{"start":{"line":21,"column":4},"end":{"line":21,"column":19}}},"fnMap":{"0":{"name":"(anonymous_0)","decl":{"start":{"line":3,"column":2},"end":{"line":3,"column":3}},"loc":{"start":{"line":3,"column":23},"end":{"line":18,"column":3}},"line":3},"1":{"name":"(anonymous_1)","decl":{"start":{"line":9,"column":28},"end":{"line":9,"column":29}},"loc":{"start":{"line":9,"column":44},"end":{"line":14,"column":7}},"line":9},"2":{"name":"(anonymous_2)","decl":{"start":{"line":20,"column":2},"end":{"line":20,"column":3}},"loc":{"start":{"line":20,"column":21},"end":{"line":22,"column":3}},"line":20}},"branchMap":{"0":{"loc":{"start":{"line":6,"column":6},"end":{"line":8,"column":7}},"type":"if","locations":[{"start":{"line":6,"column":6},"end":{"line":8,"column":7}},{"start":{"line":6,"column":6},"end":{"line":8,"column":7}}],"line":6},"1":{"loc":{"start":{"line":10,"column":8},"end":{"line":12,"column":9}},"type":"if","locations":[{"start":{"line":10,"column":8},"end":{"line":12,"column":9}},{"start":{"line":10,"column":8},"end":{"line":12,"column":9}}],"line":10}},"s":{"0":1,"1":7,"2":7,"3":1,"4":6,"5":16,"6":15,"7":16,"8":1,"9":0},"f":{"0":7,"1":16,"2":0},"b":{"0":[1,6],"1":[15,1]},"_coverageSchema":"1a1c01bbd47fc00a2c39e90264f33305004495a9","hash":"7af4ed20059d4e74e372f210b5ac727a36777623"}
,"C:\\Users\\ALESSANDRO\\Documents\\MEUS PROJETOS\\testes_jest\\introducao_a_testes\\controllers\\functions.js": {"path":"C:\\Users\\ALESSANDRO\\Documents\\MEUS PROJETOS\\testes_jest\\introducao_a_testes\\controllers\\functions.js","statementMap":{"0":{"start":{"line":2,"column":14},"end":{"line":2,"column":30}},"1":{"start":{"line":4,"column":18},"end":{"line":18,"column":1}},"2":{"start":{"line":5,"column":23},"end":{"line":5,"column":34}},"3":{"start":{"line":6,"column":16},"end":{"line":6,"column":20}},"4":{"start":{"line":7,"column":19},"end":{"line":7,"column":20}},"5":{"start":{"line":9,"column":17},"end":{"line":9,"column":38}},"6":{"start":{"line":10,"column":4},"end":{"line":10,"column":31}},"7":{"start":{"line":11,"column":4},"end":{"line":11,"column":16}},"8":{"start":{"line":14,"column":4},"end":{"line":17,"column":28}},"9":{"start":{"line":16,"column":19},"end":{"line":16,"column":27}},"10":{"start":{"line":17,"column":20},"end":{"line":17,"column":27}},"11":{"start":{"line":20,"column":0},"end":{"line":20,"column":27}}},"fnMap":{"0":{"name":"(anonymous_0)","decl":{"start":{"line":5,"column":7},"end":{"line":5,"column":8}},"loc":{"start":{"line":5,"column":23},"end":{"line":5,"column":34}},"line":5},"1":{"name":"(anonymous_1)","decl":{"start":{"line":6,"column":10},"end":{"line":6,"column":11}},"loc":{"start":{"line":6,"column":16},"end":{"line":6,"column":20}},"line":6},"2":{"name":"(anonymous_2)","decl":{"start":{"line":7,"column":14},"end":{"line":7,"column":15}},"loc":{"start":{"line":7,"column":19},"end":{"line":7,"column":20}},"line":7},"3":{"name":"(anonymous_3)","decl":{"start":{"line":8,"column":14},"end":{"line":8,"column":15}},"loc":{"start":{"line":8,"column":20},"end":{"line":12,"column":3}},"line":8},"4":{"name":"(anonymous_4)","decl":{"start":{"line":13,"column":13},"end":{"line":13,"column":14}},"loc":{"start":{"line":14,"column":4},"end":{"line":17,"column":28}},"line":14},"5":{"name":"(anonymous_5)","decl":{"start":{"line":16,"column":12},"end":{"line":16,"column":13}},"loc":{"start":{"line":16,"column":19},"end":{"line":16,"column":27}},"line":16},"6":{"name":"(anonymous_6)","decl":{"start":{"line":17,"column":13},"end":{"line":17,"column":14}},"loc":{"start":{"line":17,"column":20},"end":{"line":17,"column":27}},"line":17}},"branchMap":{},"s":{"0":1,"1":1,"2":2,"3":1,"4":1,"5":1,"6":1,"7":1,"8":1,"9":1,"10":0,"11":1},"f":{"0":2,"1":1,"2":1,"3":1,"4":1,"5":1,"6":0},"b":{},"_coverageSchema":"1a1c01bbd47fc00a2c39e90264f33305004495a9","hash":"a6a317d7c42d30d75141d1a127ae232821d3bc26"}
}
