TN:
SF:controllers\UserController.js
FN:3,(anonymous_0)
FN:9,(anonymous_1)
FN:20,(anonymous_2)
FNF:3
FNH:2
FNDA:7,(anonymous_0)
FNDA:16,(anonymous_1)
FNDA:0,(anonymous_2)
DA:1,1
DA:5,7
DA:6,7
DA:7,1
DA:9,6
DA:10,16
DA:11,15
DA:13,16
DA:16,1
DA:21,0
LF:10
LH:9
BRDA:6,0,0,1
BRDA:6,0,1,6
BRDA:10,1,0,15
BRDA:10,1,1,1
BRF:4
BRH:4
end_of_record
TN:
SF:controllers\functions.js
FN:5,(anonymous_0)
FN:6,(anonymous_1)
FN:7,(anonymous_2)
FN:8,(anonymous_3)
FN:13,(anonymous_4)
FN:16,(anonymous_5)
FN:17,(anonymous_6)
FNF:7
FNH:6
FNDA:2,(anonymous_0)
FNDA:1,(anonymous_1)
FNDA:1,(anonymous_2)
FNDA:1,(anonymous_3)
FNDA:1,(anonymous_4)
FNDA:1,(anonymous_5)
FNDA:0,(anonymous_6)
DA:2,1
DA:4,1
DA:5,2
DA:6,1
DA:7,1
DA:9,1
DA:10,1
DA:11,1
DA:14,1
DA:16,1
DA:17,0
DA:20,1
LF:12
LH:11
BRF:0
BRH:0
end_of_record
